[09-10-2016, 10:42:39] Erro: Código: 42000 Mensagem: SQLSTATE[42000]: Syntax error or access violation: 1064 You have an error in your SQL syntax; check the manual that corresponds to your MySQL server version for the right syntax to use near ''Teste', 'teste@teste.com', '$2a$08$iVRW5MA3V/y.jGqVSN1YouTBtjHI1KjaGsgy.4dwB9.F' at line 2

[09-10-2016, 10:44:43] Erro: Código: 42000 Mensagem: SQLSTATE[42000]: Syntax error or access violation: 1064 You have an error in your SQL syntax; check the manual that corresponds to your MySQL server version for the right syntax to use near ''Teste', 'teste@teste.com', '$2a$08$zXtwgVoISYISTk9kyjeYx.H4PoyMEGdYS6jvt1rKkV1c' at line 2

[09-10-2016, 10:45:02] Erro: Código: 42000 Mensagem: SQLSTATE[42000]: Syntax error or access violation: 1064 You have an error in your SQL syntax; check the manual that corresponds to your MySQL server version for the right syntax to use near ''Teste', 'teste@teste.com', '$2a$08$OaPa786h4rT8S78aGWolE.b4cMZp0agQtfFs1YVG1fNd' at line 2

[09-10-2016, 10:45:12] Erro: Código: 42000 Mensagem: SQLSTATE[42000]: Syntax error or access violation: 1064 You have an error in your SQL syntax; check the manual that corresponds to your MySQL server version for the right syntax to use near ''ghsdghj', 'gjhgjkhg', '$2a$08$jfmQkSxpjcXNHz0RHgJnwO6EWPNgP4JskT4qrkreIosMYx7Vd' at line 2

[09-10-2016, 10:45:50] Erro: Código: 42S22 Mensagem: SQLSTATE[42S22]: Column not found: 1054 Unknown column 'permissoes' in 'field list'

[09-10-2016, 10:46:09] Erro: Código: 42S22 Mensagem: SQLSTATE[42S22]: Column not found: 1054 Unknown column 'permissoes' in 'field list'

[09-10-2016, 10:49:32] Erro: Código: 42S22 Mensagem: SQLSTATE[42S22]: Column not found: 1054 Unknown column 'permissoes' in 'field list'

[09-10-2016, 17:40:47] Erro: Código: 42000 Mensagem: SQLSTATE[42000]: Syntax error or access violation: 1064 You have an error in your SQL syntax; check the manual that corresponds to your MySQL server version for the right syntax to use near '* FROM usuario WHERE codigo = '2'' at line 1

[09-10-2016, 17:41:18] Erro: Código: 42000 Mensagem: SQLSTATE[42000]: Syntax error or access violation: 1064 You have an error in your SQL syntax; check the manual that corresponds to your MySQL server version for the right syntax to use near '* FROM usuario WHERE codigo = '2'' at line 1

[09-10-2016, 17:41:23] Erro: Código: 42000 Mensagem: SQLSTATE[42000]: Syntax error or access violation: 1064 You have an error in your SQL syntax; check the manual that corresponds to your MySQL server version for the right syntax to use near '* FROM usuario WHERE codigo = '2'' at line 1

[09-10-2016, 17:41:41] Erro: Código: 42000 Mensagem: SQLSTATE[42000]: Syntax error or access violation: 1064 You have an error in your SQL syntax; check the manual that corresponds to your MySQL server version for the right syntax to use near '* FROM usuario WHERE codigo = '2'' at line 1

[12-10-2016, 10:03:47] Erro: Código: 42000 Mensagem: SQLSTATE[42000]: Syntax error or access violation: 1064 You have an error in your SQL syntax; check the manual that corresponds to your MySQL server version for the right syntax to use near 'NULL, NULL' at line 1

[12-10-2016, 10:04:21] Erro: Código: 42000 Mensagem: SQLSTATE[42000]: Syntax error or access violation: 1064 You have an error in your SQL syntax; check the manual that corresponds to your MySQL server version for the right syntax to use near 'NULL, 'df'' at line 1

[12-10-2016, 10:07:02] Erro: Código: HY000 Mensagem: SQLSTATE[HY000]: General error: 1364 Field 'codigoUsuario' doesn't have a default value

[12-10-2016, 10:07:07] Erro: Código: HY000 Mensagem: SQLSTATE[HY000]: General error: 1364 Field 'codigoUsuario' doesn't have a default value

[12-10-2016, 10:12:13] Erro: Código: 01000 Mensagem: SQLSTATE[01000]: Warning: 1265 Data truncated for column 'codigoUsuario' at row 1

[12-10-2016, 10:13:06] Erro: Código: 01000 Mensagem: SQLSTATE[01000]: Warning: 1265 Data truncated for column 'codigoUsuario' at row 1

[15-10-2016, 11:08:39] Erro: Código: 0 Mensagem: <strong>SMTP Error: Could not authenticate.</strong><br />


[15-10-2016, 11:11:34] Erro: Código: 0 Mensagem: <strong>SMTP Error: Could not authenticate.</strong><br />


[15-10-2016, 11:11:54] Erro: Código: 0 Mensagem: <strong>SMTP Error: Could not authenticate.</strong><br />


[15-10-2016, 11:14:31] Erro: Código: 0 Mensagem: <strong>SMTP Error: Could not authenticate.</strong><br />


[15-10-2016, 11:14:50] Erro: Código: 0 Mensagem: <strong>SMTP Error: Could not authenticate.</strong><br />


[15-10-2016, 11:21:25] Erro: Código: 0 Mensagem: SMTP Error: Could not connect to SMTP host.

[15-10-2016, 11:21:51] Erro: Código: 0 Mensagem: SMTP Error: Could not connect to SMTP host.

[15-10-2016, 11:30:14] Erro: Código: 0 Mensagem: SMTP Error: Could not connect to SMTP host.

[15-10-2016, 14:48:45] Erro: Código: HY000 Mensagem: SQLSTATE[HY000]: General error: 1364 Field 'codigo' doesn't have a default value

[15-10-2016, 19:21:21] Erro: Código: 0 Mensagem: Invalid address: 

[15-10-2016, 19:21:58] Erro: Código: 0 Mensagem: Invalid address: 

[15-10-2016, 19:23:09] Erro: Código: 0 Mensagem: Invalid address: 

[15-10-2016, 19:27:32] Erro: Código: 2 Mensagem: Message body empty

